0 info it worked if it ends with ok
1 verbose cli [ 'C:\\Program Files\\nodejs\\\\node.exe',
1 verbose cli   'C:\\Program Files\\nodejs\\node_modules\\npm\\bin\\npm-cli.js',
1 verbose cli   'install',
1 verbose cli   'grunt-html2js',
1 verbose cli   '--save-dev' ]
2 info using npm@1.4.28
3 info using node@v0.10.35
4 verbose node symlink C:\Program Files\nodejs\\node.exe
5 warn package.json karma-phantomjs-launcher@0.1.4 No README data
6 verbose readDependencies using package.json deps
7 verbose cache add [ 'grunt-html2js', null ]
8 verbose cache add name=undefined spec="grunt-html2js" args=["grunt-html2js",null]
9 verbose parsed url { protocol: null,
9 verbose parsed url   slashes: null,
9 verbose parsed url   auth: null,
9 verbose parsed url   host: null,
9 verbose parsed url   port: null,
9 verbose parsed url   hostname: null,
9 verbose parsed url   hash: null,
9 verbose parsed url   search: null,
9 verbose parsed url   query: null,
9 verbose parsed url   pathname: 'grunt-html2js',
9 verbose parsed url   path: 'grunt-html2js',
9 verbose parsed url   href: 'grunt-html2js' }
10 silly lockFile 73d5c868-grunt-html2js grunt-html2js
11 verbose lock grunt-html2js C:\Users\maddenr\AppData\Roaming\npm-cache\73d5c868-grunt-html2js.lock
12 silly lockFile 73d5c868-grunt-html2js grunt-html2js
13 silly lockFile 73d5c868-grunt-html2js grunt-html2js
14 verbose addNamed [ 'grunt-html2js', '' ]
15 verbose addNamed [ null, '*' ]
16 silly lockFile 0bcabe50-grunt-html2js grunt-html2js@
17 verbose lock grunt-html2js@ C:\Users\maddenr\AppData\Roaming\npm-cache\0bcabe50-grunt-html2js.lock
18 silly addNameRange { name: 'grunt-html2js', range: '*', hasData: false }
19 verbose request where is /grunt-html2js
20 verbose request registry https://registry.npmjs.org/
21 verbose request id a236d0675db28080
22 verbose url raw /grunt-html2js
23 verbose url resolving [ 'https://registry.npmjs.org/', './grunt-html2js' ]
24 verbose url resolved https://registry.npmjs.org/grunt-html2js
25 verbose request where is https://registry.npmjs.org/grunt-html2js
26 info trying registry request attempt 1 at 17:56:29
27 http GET https://registry.npmjs.org/grunt-html2js
28 info retry will retry, error on last attempt: Error: tunneling socket could not be established, cause=getaddrinfo ENOTFOUND
29 info trying registry request attempt 2 at 17:56:41
30 http GET https://registry.npmjs.org/grunt-html2js
31 info retry will retry, error on last attempt: Error: tunneling socket could not be established, cause=getaddrinfo ENOTFOUND
32 info trying registry request attempt 3 at 17:57:44
33 http GET https://registry.npmjs.org/grunt-html2js
34 silly lockFile 0bcabe50-grunt-html2js grunt-html2js@
35 silly lockFile 0bcabe50-grunt-html2js grunt-html2js@
36 error network tunneling socket could not be established, cause=getaddrinfo ENOTFOUND
36 error network This is most likely not a problem with npm itself
36 error network and is related to network connectivity.
36 error network In most cases you are behind a proxy or have bad network settings.
36 error network
36 error network If you are behind a proxy, please make sure that the
36 error network 'proxy' config is set properly.  See: 'npm help config'
37 error System Windows_NT 6.1.7601
38 error command "C:\\Program Files\\nodejs\\\\node.exe" "C:\\Program Files\\nodejs\\node_modules\\npm\\bin\\npm-cli.js" "install" "grunt-html2js" "--save-dev"
39 error cwd C:\Users\maddenr\Documents\Node\events\export2015
40 error node -v v0.10.35
41 error npm -v 1.4.28
42 error code ECONNRESET
43 verbose exit [ 1, true ]
